make.exe all --print-data-base --no-builtin-variables --no-builtin-rules --question
make.exe: *** No rule to make target 'all'.  Stop.

# GNU Make 4.2
# Built for x86_64-w64-mingw32
# Copyright (C) 1988-2016 Free Software Foundation, Inc.
# License GPLv3+: GNU GPL version 3 or later <http://gnu.org/licenses/gpl.html>
# This is free software: you are free to change and redistribute it.
# There is NO WARRANTY, to the extent permitted by law.

# Make data base, printed on Fri Jun 03 18:17:22 2022

# Variables

# 'override' directive
GNUMAKEFLAGS := 
# automatic
<D = $(patsubst %/,%,$(patsubst %\,%,$(dir $<)))
# automatic
?F = $(notdir $?)
# environment
WSLENV = WT_SESSION::WT_PROFILE_ID
# default
.SHELLFLAGS := -c
# environment
GTK_BASEPATH = C:\Program Files (x86)\GtkSharp\2.12\
# makefile
MAKEFLAGS = pqrR
# environment
VSCODE_LOG_NATIVE = false
# automatic
?D = $(patsubst %/,%,$(patsubst %\,%,$(dir $?)))
# automatic
@D = $(patsubst %/,%,$(patsubst %\,%,$(dir $@)))
# environment
HOMEDRIVE = C:
# automatic
@F = $(notdir $@)
# automatic
^D = $(patsubst %/,%,$(patsubst %\,%,$(dir $^)))
# makefile
CURDIR := c:/Users/14861/Desktop/rCore-irq-test
# default
SHELL := C:/cygwin64/bin/sh.exe
# environment
WINDIR = C:\Windows
# environment
VSCODE_NLS_CONFIG = {"locale":"zh-cn","availableLanguages":{"*":"zh-cn"},"_languagePackId":"42e84e0914b17800d483f69e299e1b00.zh-cn","_translationsConfigFile":"C:\\Users\\14861\\AppData\\Roaming\\Code\\clp\\42e84e0914b17800d483f69e299e1b00.zh-cn\\tcf.json","_cacheRoot":"C:\\Users\\14861\\AppData\\Roaming\\Code\\clp\\42e84e0914b17800d483f69e299e1b00.zh-cn","_resolvedLanguagePackCoreLocation":"C:\\Users\\14861\\AppData\\Roaming\\Code\\clp\\42e84e0914b17800d483f69e299e1b00.zh-cn\\c3511e6c69bb39013c4a4b7b9566ec1ca73fc4d5","_corruptedFile":"C:\\Users\\14861\\AppData\\Roaming\\Code\\clp\\42e84e0914b17800d483f69e299e1b00.zh-cn\\corrupted.info","_languagePackSupport":true}
# environment
ONEDRIVE = C:\Users\14861\OneDrive
# environment
QSYS_ROOTDIR = D:\intelFPGA_lite\18.1\quartus\sopc_builder\bin
# environment
MAVEN_HOME = D:\Program Files\apache-maven-3.8.5
# environment
PATHEXT = .COM;.EXE;.BAT;.CMD;.VBS;.VBE;.JS;.JSE;.WSF;.WSH;.MSC;.PY;.PYW;.wlua;.lexe;.CPL
# makefile (from 'Makefile', line 1)
MAKEFILE_LIST :=  Makefile
# environment
FPS_BROWSER_USER_PROFILE_STRING = Default
# environment
TMP = C:\Users\14861\AppData\Local\Temp
# environment
VSCODE_VERBOSE_LOGGING = true
# environment
PROGRAMW6432 = C:\Program Files
# environment
PROGRAMDATA = C:\ProgramData
# environment
VSCODE_IPC_HOOK_EXTHOST = \\.\pipe\vscode-ipc-c62764e7-3c16-4fc6-99c9-2317e78664f8-sock
# environment
VSCODE_CWD = C:\Users\14861\Desktop\rCore-irq-test
# default
MAKE_HOST := x86_64-w64-mingw32
# environment
PATH = C:\Program Files\Eclipse Foundation\jdk-8.0.302.8-hotspot\bin;C:\Program Files (x86)\Common Files\Oracle\Java\javapath;C:\Program Files (x86)\VMware\VMware Workstation\bin\;C:\Program Files\Python37\Scripts\;C:\Program Files\Python37\;C:\Windows\system32;C:\Windows;C:\Windows\System32\Wbem;C:\Windows\System32\WindowsPowerShell\v1.0\;C:\Windows\System32\OpenSSH\;C:\Program Files (x86)\NVIDIA Corporation\PhysX\Common;C:\Program Files\NVIDIA Corporation\NVIDIA NvDLISR;C:\Program Files\Go\bin;C:\Program Files\Java\jdk1.8.0_202\bin;C:\Program Files\Git\cmd;C:\Program Files (x86)\NetSarang\Xshell 7\;C:\Program Files (x86)\NetSarang\Xftp 7\;C:\Program Files\qemu;C:\Users\14861\AppData\Roaming\Python\Python37\Scripts;C:\Program Files\nodejs\;C:\Program Files\usbipd-win\;C:\Program Files\CMake\bin;D:\Program Files\kendryte-toolchain\bin;C:\Program Files (x86)\Windows Kits\10\Windows Performance Toolkit\;C:\Program Files (x86)\Lua\5.1;C:\Program Files (x86)\Lua\5.1\clibs;C:\Users\14861\AppData\Local\Android\Sdk\platform-tools;D:\Program Files\apache-maven-3.8.5\bin;D:\Program Files\apache-tomcat-8.5.73\bin;C:\Program Files (x86)\GtkSharp\2.12\bin;D:\Program Files\flutter\bin;C:\cygwin64\bin;C:\Program Files\Docker\Docker\resources\bin;C:\ProgramData\DockerDesktop\version-bin;C:\Users\14861\AppData\Local\.wasm-pack\.wasm-bindgen-cargo-install-0.2.80\bin;C:\Program Files\010 Editor;C:\Program Files\dotnet\;C:\Library\Developer\Toolchains\unknown-Asserts-development.xctoolchain\usr\bin;C:\Library\Swift-development\bin;C:\Library\icu-69.1\usr\bin;C:\Program Files\MySQL\MySQL Shell 8.0\bin\;C:\Users\14861\scoop\shims;C:\Users\14861\.cargo\bin;C:\Users\14861\AppData\Local\Microsoft\WindowsApps;C:\Users\14861\.dotnet\tools;C:\Users\14861\go\bin;C:\Users\14861\AppData\Roaming\npm;C:\Users\14861\.dotnet\tools;D:\Program Files\Microsoft VS Code\bin
# environment
COMMONPROGRAMW6432 = C:\Program Files\Common Files
# environment
ZES_ENABLE_SYSMAN = 1
# environment
LC_ALL = C
# environment
PROCESSOR_ARCHITECTURE = AMD64
# environment
USERPROFILE = C:\Users\14861
# environment
ALLUSERSPROFILE = C:\ProgramData
# environment
GOPATH = C:\Users\14861\go
# environment
SOPC_KIT_NIOS2 = D:\intelFPGA_lite\18.1\nios2eds
# environment
VSCODE_LOG_STACK = false
# environment
NUMBER_OF_PROCESSORS = 8
# environment
ELECTRON_RUN_AS_NODE = 1
# default
.FEATURES := target-specific order-only second-expansion else-if shortest-stem undefine oneshell archives jobserver output-sync
# automatic
%F = $(notdir $%)
# environment
CHROME_CRASHPAD_PIPE_NAME = \\.\pipe\crashpad_17208_EAKUKFPGMEPAHORX
# environment
VSCODE_PIPE_LOGGING = true
# environment
COMPUTERNAME = DESKTOP-24TD2NV
# environment
PROGRAMFILES = C:\Program Files
# environment
NVIDIAWHITELISTED = 0x01
# default
.LOADED := 
# environment
DRIVERDATA = C:\Windows\System32\Drivers\DriverData
# environment
ORIGINAL_XDG_CURRENT_DESKTOP = undefined
# environment
WT_SESSION = ee377474-a2e4-4394-87d5-b7dda4c628dc
# environment
USERNAME = 14861
# environment
PUBLIC = C:\Users\Public
# environment
VSCODE_AMD_ENTRYPOINT = vs/workbench/api/node/extensionHostProcess
# environment
VSCODE_CLI = 1
# environment
VSCODE_CODE_CACHE_PATH = C:\Users\14861\AppData\Roaming\Code\CachedData\c3511e6c69bb39013c4a4b7b9566ec1ca73fc4d5
# environment
APPLICATION_INSIGHTS_NO_DIAGNOSTIC_CHANNEL = 1
# environment
COMMONPROGRAMFILES = C:\Program Files\Common Files
# environment
LOGONSERVER = \\DESKTOP-24TD2NV
# environment
ONEDRIVECONSUMER = C:\Users\14861\OneDrive
# environment
VSCODE_HANDLES_UNCAUGHT_ERRORS = true
# environment
USERDOMAIN = DESKTOP-24TD2NV
# environment
LUA_DEV = C:\Program Files (x86)\Lua\5.1
# environment
MAKELEVEL := 0
# default
MAKE = $(MAKE_COMMAND)
# default
MAKECMDGOALS := all
# environment
JAVA_HOME = C:\Program Files\Java\jdk1.8.0_202
# environment
SHIM_MCCOMPAT = 0x810000001
# default
MAKE_VERSION := 4.2
# makefile
.DEFAULT_GOAL := docker
# environment
PROGRAMFILES(X86) = C:\Program Files (x86)
# automatic
%D = $(patsubst %/,%,$(patsubst %\,%,$(dir $%)))
# environment
LOCALAPPDATA = C:\Users\14861\AppData\Local
# environment
PSMODULEPATH = C:\Users\14861\Documents\WindowsPowerShell\Modules;C:\Program Files\WindowsPowerShell\Modules;C:\Windows\system32\WindowsPowerShell\v1.0\Modules
# default
MAKE_COMMAND := make.exe
# environment
CATALINA_HOME = D:\Program Files\apache-tomcat-8.5.73
# default
.VARIABLES := 
# automatic
*F = $(notdir $*)
# environment
PROCESSOR_IDENTIFIER = Intel64 Family 6 Model 158 Stepping 10, GenuineIntel
# environment
OS = Windows_NT
# environment
VSCODE_IPC_HOOK = \\.\pipe\2e0f71a9d784a5341de376df78e86dc8-1.67.2-main-sock
# environment
HOMEPATH = \Users\14861
# environment
COMMONPROGRAMFILES(X86) = C:\Program Files (x86)\Common Files
# environment
PROMPT = $P$G
# environment
MFLAGS = -pqrR
# automatic
*D = $(patsubst %/,%,$(patsubst %\,%,$(dir $*)))
# environment
SYSTEMROOT = C:\Windows
# automatic
+D = $(patsubst %/,%,$(patsubst %\,%,$(dir $+)))
# automatic
+F = $(notdir $+)
# environment
APPDATA = C:\Users\14861\AppData\Roaming
# environment
TEMP = C:\Users\14861\AppData\Local\Temp
# environment
WT_PROFILE_ID = {61c54bbd-c2c6-5271-96e7-009a87ff44bf}
# environment
COMSPEC = C:\Windows\system32\cmd.exe
# default
MAKEFILES := 
# environment
QUARTUS_ROOTDIR = D:\intelFPGA_lite\18.1\quartus
# automatic
<F = $(notdir $<)
# environment
VS160COMCOMNTOOLS = C:\Program Files (x86)\Microsoft Visual Studio\2019\Community\Common7\Tools\
# environment
DEVELOPER_DIR = C:\Library\Developer
# environment
ELECTRON_NO_ATTACH_CONSOLE = 1
# makefile (from 'Makefile', line 1)
DOCKER_NAME = dinghao188/rcore-tutorial
# environment
LUA_PATH = ;;C:\Program Files (x86)\Lua\5.1\lua\?.luac
# automatic
^F = $(notdir $^)
# default
SUFFIXES := 
# environment
SYSTEMDRIVE = C:
# environment
SDKROOT = C:\Library\Developer\Platforms\Windows.platform\Developer\SDKs\Windows.sdk
# environment
PROCESSOR_REVISION = 9e0a
# default
.RECIPEPREFIX := 
# environment
LANG = C
# environment
PROCESSOR_LEVEL = 6
# environment
FPS_BROWSER_APP_PROFILE_STRING = Internet Explorer
# environment
VSCODE_PID = 17208
# environment
USERDOMAIN_ROAMINGPROFILE = DESKTOP-24TD2NV
# variable set hash-table stats:
# Load=114/1024=11%, Rehash=0, Collisions=18/135=13%

# Pattern-specific Variable Values

# No pattern-specific variable values.

# Directories

# . (key c:/Users/14861/Desktop/rCore-irq-test, mtime 1654251441ll): 18 files, no impossibilities.

# 18 files, no impossibilities in 1 directories.

# Implicit Rules

# No implicit rules.

# Files

# Not a target:
all:
#  Command line target.
#  Implicit rule search has been done.
#  File does not exist.
#  File has not been updated.

.PHONY: docker build_docker
#  Implicit rule search has not been done.
#  Modification time never checked.
#  File has not been updated.

# Not a target:
Makefile:
#  Implicit rule search has been done.
#  Last modified 2022-04-27 19:53:32
#  File has been updated.
#  Successfully updated.

build_docker:
#  Phony target (prerequisite of .PHONY).
#  Implicit rule search has not been done.
#  File does not exist.
#  File has not been updated.
#  recipe to execute (from 'Makefile', line 8):
	docker build -t ${DOCKER_NAME} .

# Not a target:
.DEFAULT:
#  Implicit rule search has not been done.
#  Modification time never checked.
#  File has not been updated.

docker:
#  Phony target (prerequisite of .PHONY).
#  Implicit rule search has not been done.
#  File does not exist.
#  File has not been updated.
#  recipe to execute (from 'Makefile', line 5):
	docker run --rm -it --mount type=bind,source=$(shell pwd),destination=/mnt ${DOCKER_NAME}

# files hash-table stats:
# Load=7/1024=1%, Rehash=0, Collisions=0/21=0%
# VPATH Search Paths

# No 'vpath' search paths.

# No general ('VPATH' variable) search path.

# strcache buffers: 1 (0) / strings = 24 / storage = 212 B / avg = 8 B
# current buf: size = 8162 B / used = 212 B / count = 24 / avg = 8 B

# strcache performance: lookups = 32 / hit rate = 25%
# hash-table stats:
# Load=24/8192=0%, Rehash=0, Collisions=1/32=3%
# Finished Make data base on Fri Jun 03 18:17:22 2022

 
